[debug] [2024-11-30T08:15:14.626Z] ----------------------------------------------------------------------
[debug] [2024-11-30T08:15:14.630Z] Command:       C:\Program Files\nodejs\node.exe C:\Users\Saka\AppData\Roaming\npm\node_modules\firebase-tools\lib\bin\firebase.js login
[debug] [2024-11-30T08:15:14.630Z] CLI Version:   13.27.0
[debug] [2024-11-30T08:15:14.631Z] Platform:      win32
[debug] [2024-11-30T08:15:14.631Z] Node Version:  v20.18.0
[debug] [2024-11-30T08:15:14.631Z] Time:          Sat Nov 30 2024 15:15:14 GMT+0700 (Waktu Indonesia Barat)
[debug] [2024-11-30T08:15:14.631Z] ----------------------------------------------------------------------
[debug] 
[info] i  Firebase optionally collects CLI and Emulator Suite usage and error reporting information to help improve our products. Data is collected in accordance with Google's privacy policy (https://policies.google.com/privacy) and is not used to identify you.
 
[info] i  To change your data collection preference at any time, run `firebase logout` and log in again. 
[info] 
[info] Visit this URL on this device to log in:
[info] https://accounts.google.com/o/oauth2/auth?client_id=563584335869-fgrhgmd47bqnekij5i8b5pr03ho849e6.apps.googleusercontent.com&scope=email%20openid%20https%3A%2F%2Fwww.googleapis.com%2Fauth%2Fcloudplatformprojects.readonly%20https%3A%2F%2Fwww.googleapis.com%2Fauth%2Ffirebase%20https%3A%2F%2Fwww.googleapis.com%2Fauth%2Fcloud-platform&response_type=code&state=926822502&redirect_uri=http%3A%2F%2Flocalhost%3A9005
[info] 
[info] Waiting for authentication...
[debug] [2024-11-30T08:15:18.235Z] Error: spawn cmd ENOENT
    at ChildProcess._handle.onexit (node:internal/child_process:286:19)
    at onErrorNT (node:internal/child_process:484:16)
    at process.processTicksAndRejections (node:internal/process/task_queues:82:21)
[error] 
[error] Error: An unexpected error has occurred.
